<?xml version="1.0" encoding="UTF-8"?>
<testsuite xmlns:xsi="http://www.w3.org/2001/XMLSchema-instance" xsi:noNamespaceSchemaLocation="https://maven.apache.org/surefire/maven-surefire-plugin/xsd/surefire-test-report.xsd" name="br.upe.mavenBasico.ResultadoMegasenaTest" time="1.446" tests="1" errors="1" skipped="0" failures="0">
  <properties>
    <property name="sun.desktop" value="windows"/>
    <property name="awt.toolkit" value="sun.awt.windows.WToolkit"/>
    <property name="file.encoding.pkg" value="sun.io"/>
    <property name="java.specification.version" value="1.8"/>
    <property name="sun.cpu.isalist" value="amd64"/>
    <property name="sun.jnu.encoding" value="Cp1252"/>
    <property name="java.class.path" value="D:\Aulas\2021.1\POO\projetos\mavenBasico\target\test-classes;D:\Aulas\2021.1\POO\projetos\mavenBasico\target\classes;C:\Users\wilia\.m2\repository\junit\junit\4.11\junit-4.11.jar;C:\Users\wilia\.m2\repository\org\hamcrest\hamcrest-core\1.3\hamcrest-core-1.3.jar;C:\Users\wilia\.m2\repository\org\apache\httpcomponents\httpClient\4.5.13\httpClient-4.5.13.jar;C:\Users\wilia\.m2\repository\org\apache\httpcomponents\httpcore\4.4.13\httpcore-4.4.13.jar;C:\Users\wilia\.m2\repository\commons-logging\commons-logging\1.2\commons-logging-1.2.jar;C:\Users\wilia\.m2\repository\commons-codec\commons-codec\1.11\commons-codec-1.11.jar;"/>
    <property name="java.vm.vendor" value="Oracle Corporation"/>
    <property name="sun.arch.data.model" value="64"/>
    <property name="user.variant" value=""/>
    <property name="java.vendor.url" value="http://java.oracle.com/"/>
    <property name="user.timezone" value="America/Cayenne"/>
    <property name="java.vm.specification.version" value="1.8"/>
    <property name="os.name" value="Windows 10"/>
    <property name="user.country" value="BR"/>
    <property name="sun.java.launcher" value="SUN_STANDARD"/>
    <property name="sun.boot.library.path" value="C:\Program Files\Java\jdk1.8.0_291\jre\bin"/>
    <property name="sun.java.command" value="C:\Users\wilia\AppData\Local\Temp\surefire6912659613728947662\surefirebooter8884400985176666267.jar C:\Users\wilia\AppData\Local\Temp\surefire6912659613728947662 2021-10-22T11-22-37_701-jvmRun1 surefire4111958375830573884tmp surefire_03638335340713505476tmp"/>
    <property name="surefire.test.class.path" value="D:\Aulas\2021.1\POO\projetos\mavenBasico\target\test-classes;D:\Aulas\2021.1\POO\projetos\mavenBasico\target\classes;C:\Users\wilia\.m2\repository\junit\junit\4.11\junit-4.11.jar;C:\Users\wilia\.m2\repository\org\hamcrest\hamcrest-core\1.3\hamcrest-core-1.3.jar;C:\Users\wilia\.m2\repository\org\apache\httpcomponents\httpClient\4.5.13\httpClient-4.5.13.jar;C:\Users\wilia\.m2\repository\org\apache\httpcomponents\httpcore\4.4.13\httpcore-4.4.13.jar;C:\Users\wilia\.m2\repository\commons-logging\commons-logging\1.2\commons-logging-1.2.jar;C:\Users\wilia\.m2\repository\commons-codec\commons-codec\1.11\commons-codec-1.11.jar;"/>
    <property name="sun.cpu.endian" value="little"/>
    <property name="user.home" value="C:\Users\wilia"/>
    <property name="user.language" value="pt"/>
    <property name="java.specification.vendor" value="Oracle Corporation"/>
    <property name="java.home" value="C:\Program Files\Java\jdk1.8.0_291\jre"/>
    <property name="basedir" value="D:\Aulas\2021.1\POO\projetos\mavenBasico"/>
    <property name="file.separator" value="\"/>
    <property name="line.separator" value="&#10;"/>
    <property name="java.vm.specification.vendor" value="Oracle Corporation"/>
    <property name="java.specification.name" value="Java Platform API Specification"/>
    <property name="java.awt.graphicsenv" value="sun.awt.Win32GraphicsEnvironment"/>
    <property name="surefire.real.class.path" value="C:\Users\wilia\AppData\Local\Temp\surefire6912659613728947662\surefirebooter8884400985176666267.jar"/>
    <property name="sun.boot.class.path" value="C:\Program Files\Java\jdk1.8.0_291\jre\lib\resources.jar;C:\Program Files\Java\jdk1.8.0_291\jre\lib\rt.jar;C:\Program Files\Java\jdk1.8.0_291\jre\lib\sunrsasign.jar;C:\Program Files\Java\jdk1.8.0_291\jre\lib\jsse.jar;C:\Program Files\Java\jdk1.8.0_291\jre\lib\jce.jar;C:\Program Files\Java\jdk1.8.0_291\jre\lib\charsets.jar;C:\Program Files\Java\jdk1.8.0_291\jre\lib\jfr.jar;C:\Program Files\Java\jdk1.8.0_291\jre\classes"/>
    <property name="user.script" value=""/>
    <property name="sun.management.compiler" value="HotSpot 64-Bit Tiered Compilers"/>
    <property name="java.runtime.version" value="1.8.0_291-b10"/>
    <property name="user.name" value="wilia"/>
    <property name="path.separator" value=";"/>
    <property name="os.version" value="10.0"/>
    <property name="java.endorsed.dirs" value="C:\Program Files\Java\jdk1.8.0_291\jre\lib\endorsed"/>
    <property name="java.runtime.name" value="Java(TM) SE Runtime Environment"/>
    <property name="file.encoding" value="Cp1252"/>
    <property name="java.vm.name" value="Java HotSpot(TM) 64-Bit Server VM"/>
    <property name="localRepository" value="C:\Users\wilia\.m2\repository"/>
    <property name="java.vendor.url.bug" value="http://bugreport.sun.com/bugreport/"/>
    <property name="java.io.tmpdir" value="C:\Users\wilia\AppData\Local\Temp\"/>
    <property name="java.version" value="1.8.0_291"/>
    <property name="user.dir" value="D:\Aulas\2021.1\POO\projetos\mavenBasico"/>
    <property name="os.arch" value="amd64"/>
    <property name="java.vm.specification.name" value="Java Virtual Machine Specification"/>
    <property name="java.awt.printerjob" value="sun.awt.windows.WPrinterJob"/>
    <property name="sun.os.patch.level" value=""/>
    <property name="java.library.path" value="C:\Program Files\Java\jdk1.8.0_291\jre\bin;C:\Windows\Sun\Java\bin;C:\Windows\system32;C:\Windows;C:\Program Files\Common Files\Oracle\Java\javapath;C:\app\wilia\product\18.0.0\dbhomeXE\bin;C:\Program Files (x86)\Common Files\Oracle\Java\javapath;C:\Windows\system32;C:\Windows;C:\Windows\System32\Wbem;C:\Windows\System32\WindowsPowerShell\v1.0\;C:\Windows\System32\OpenSSH\;C:\Program Files\Git\cmd;C:\Program Files\nodejs\;C:\ProgramData\chocolatey\bin;C:\Program Files\Java\jdk1.8.0_291\bin;C:\Program Files\Java\jre1.8.0_291\bin;D:\Aulas\ESTAGIO\Rabobank\apache-maven-3.8.1\bin;D:\Aulas\ESTAGIO\Rabobank\engines\poppler-0.90.1\bin;C:\Users\wilia\AppData\Local\Programs\Python\Python37\Scripts\;C:\Users\wilia\AppData\Local\Programs\Python\Python37\Scripts\;C:\Program Files\PuTTY\;C:\MinGW\bin;C:\Program Files\PostgreSQL\13\bin;;C:\Program Files (x86)\Certbot\bin;C:\Program Files\Docker\Docker\resources\bin;C:\ProgramData\DockerDesktop\version-bin;C:\Users\wilia\AppData\Local\Programs\Python\Python37\Scripts\;C:\Users\wilia\AppData\Local\Programs\Python\Python37\;C:\Users\wilia\AppData\Local\Microsoft\WindowsApps;C:\Users\wilia\AppData\Local\Programs\Microsoft VS Code\bin;C:\Users\wilia\AppData\Roaming\npm;C:\Program Files\heroku\bin;C:\MinGW\bin;;C:\Program Files\JetBrains\IntelliJ IDEA Community Edition 2021.2.1\bin;;C:\Users\wilia\AppData\Local\Programs\Hyper\resources\bin;."/>
    <property name="java.vm.info" value="mixed mode"/>
    <property name="java.vendor" value="Oracle Corporation"/>
    <property name="java.vm.version" value="25.291-b10"/>
    <property name="java.ext.dirs" value="C:\Program Files\Java\jdk1.8.0_291\jre\lib\ext;C:\Windows\Sun\Java\lib\ext"/>
    <property name="sun.io.unicode.encoding" value="UnicodeLittle"/>
    <property name="java.class.version" value="52.0"/>
  </properties>
  <testcase name="testObtemUltimoResultado" classname="br.upe.mavenBasico.ResultadoMegasenaTest" time="1.444">
    <error message="Um erro inesperado ocorreu." type="java.lang.RuntimeException">java.lang.RuntimeException: Um erro inesperado ocorreu.
	at br.upe.mavenBasico.ResultadoMegasenaTest.testObtemUltimoResultado(ResultadoMegasenaTest.java:15)
Caused by: org.apache.http.client.HttpResponseException: status code: 400, reason phrase: Bad Request
	at br.upe.mavenBasico.ResultadoMegasenaTest.testObtemUltimoResultado(ResultadoMegasenaTest.java:15)
</error>
  </testcase>
</testsuite>